FILE_TYPE=LIBRARY_PARTS;
PRIMITIVE 'INA4180A2IPWR','INA4180A2IPWR_SMD';
  PIN
    'OUT1':
      PIN_NUMBER='(1)';
      OUTPUT_LOAD='(1.0,-1.0)';
      PINUSE='OUT';
    'IN-1':
      PIN_NUMBER='(2)';
      INPUT_LOAD='(-0.01,0.01)';
      PINUSE='IN';
    'IN+1':
      PIN_NUMBER='(3)';
      INPUT_LOAD='(-0.01,0.01)';
      PINUSE='IN';
    'VS':
      PIN_NUMBER='(4)';
      PIN_TYPE=POWER;
      NO_LOAD_CHECK=BOTH;
      NO_IO_CHECK=BOTH;
      ALLOW_CONNECT=TRUE;
      PINUSE='POWER';
    'IN+2':
      PIN_NUMBER='(5)';
      INPUT_LOAD='(-0.01,0.01)';
      PINUSE='IN';
    'IN-2':
      PIN_NUMBER='(6)';
      INPUT_LOAD='(-0.01,0.01)';
      PINUSE='IN';
    'OUT2':
      PIN_NUMBER='(7)';
      OUTPUT_LOAD='(1.0,-1.0)';
      PINUSE='OUT';
    'OUT3':
      PIN_NUMBER='(8)';
      OUTPUT_LOAD='(1.0,-1.0)';
      PINUSE='OUT';
    'IN-3':
      PIN_NUMBER='(9)';
      INPUT_LOAD='(-0.01,0.01)';
      PINUSE='IN';
    'IN+3':
      PIN_NUMBER='(10)';
      INPUT_LOAD='(-0.01,0.01)';
      PINUSE='IN';
    'GND':
      PIN_NUMBER='(11)';
      PIN_TYPE=POWER;
      NO_LOAD_CHECK=BOTH;
      NO_IO_CHECK=BOTH;
      ALLOW_CONNECT=TRUE;
      PINUSE='POWER';
    'IN+4':
      PIN_NUMBER='(12)';
      INPUT_LOAD='(-0.01,0.01)';
      PINUSE='IN';
    'IN-4':
      PIN_NUMBER='(13)';
      INPUT_LOAD='(-0.01,0.01)';
      PINUSE='IN';
    'OUT4':
      PIN_NUMBER='(14)';
      OUTPUT_LOAD='(1.0,-1.0)';
      PINUSE='OUT';
  END_PIN;
  BODY
    PART_NAME='INA4180A2IPWR';
    PHYS_DES_PREFIX='U';
    NO_LOAD_CHECK='TRUE';
    PIN_COUNT='14';
    BODY_NAME='INA4180A2IPWR';
    JEDEC_TYPE='PW14_TEX';
    ALT_SYMBOLS='(PW14_TEX-M,PW14_TEX-L)';
  END_BODY;
END_PRIMITIVE;
END.
